This is XeTeX, Version 3.14159265-2.6-0.999991 (TeX Live 2019) (preloaded format=xelatex 2019.11.14)  15 NOV 2019 09:16
entering extended mode
 restricted \write18 enabled.
 %&-line parsing enabled.
**titlepage.tex
(./titlepage.tex
LaTeX2e <2018-12-01>

! LaTeX Error: Environment titlepage undefined.

See the LaTeX manual or LaTeX Companion for explanation.
Type  H <return>  for immediate help.
 ...                                              
                                                  
l.1 \begin{titlepage}
                     
Your command was ignored.
Type  I <command> <return>  to replace it with another command,
or  <return>  to continue without it.


! LaTeX Error: Missing \begin{document}.

See the LaTeX manual or LaTeX Companion for explanation.
Type  H <return>  for immediate help.
 ...                                              
                                                  
l.2   \begin{center}
                    
You're in trouble here.  Try typing  <return>  to proceed.
If that doesn't work, type  X <return>  to quit.


Overfull \hbox (20.0pt too wide) in paragraph at lines 2--2
[] 
 []

! Undefined control sequence.
l.5     {\scshape\huge
                       University of \par
The control sequence at the end of the top line
of your error message was never \def'ed. If you have
misspelled it (e.g., `\hobx'), type `I' and the correct
spelling (e.g., `I\hbox'). Otherwise just continue,
and I'll forget about whatever was undefined.


Overfull \hbox (54.66pt too wide) in paragraph at lines 5--5
 \TU/lmr/m/sc/10 University 
 []


Overfull \hbox (11.72pt too wide) in paragraph at lines 5--5
 \TU/lmr/m/sc/10 of 
 []

! Undefined control sequence.
l.6       \Huge
                Cambridge \par}
The control sequence at the end of the top line
of your error message was never \def'ed. If you have
misspelled it (e.g., `\hobx'), type `I' and the correct
spelling (e.g., `I\hbox'). Otherwise just continue,
and I'll forget about whatever was undefined.


Overfull \hbox (54.53pt too wide) in paragraph at lines 6--6
 []\TU/lmr/m/sc/10 Cambridge 
 []

! Undefined control sequence.
l.8     {\scshape\huge
                       Mathematics Tripos \par}
The control sequence at the end of the top line
of your error message was never \def'ed. If you have
misspelled it (e.g., `\hobx'), type `I' and the correct
spelling (e.g., `I\hbox'). Otherwise just continue,
and I'll forget about whatever was undefined.


Overfull \hbox (65.32pt too wide) in paragraph at lines 8--8
 []\TU/lmr/m/sc/10 Mathematics 
 []


Overfull \hbox (20.68001pt too wide) in paragraph at lines 8--8
 \TU/lmr/m/sc/10 Tri- 
 []


Overfull \hbox (16.52pt too wide) in paragraph at lines 8--8
 \TU/lmr/m/sc/10 pos 
 []

! Undefined control sequence.
l.10     {\huge
                Part \npart \par}
The control sequence at the end of the top line
of your error message was never \def'ed. If you have
misspelled it (e.g., `\hobx'), type `I' and the correct
spelling (e.g., `I\hbox'). Otherwise just continue,
and I'll forget about whatever was undefined.

Missing character: There is no P in font nullfont!
Missing character: There is no a in font nullfont!
Missing character: There is no r in font nullfont!
Missing character: There is no t in font nullfont!
! Undefined control sequence.
l.10     {\huge Part \npart
                            \par}
The control sequence at the end of the top line
of your error message was never \def'ed. If you have
misspelled it (e.g., `\hobx'), type `I' and the correct
spelling (e.g., `I\hbox'). Otherwise just continue,
and I'll forget about whatever was undefined.

! Undefined control sequence.
l.12     {\Huge
                \bfseries \ntitle \par}
The control sequence at the end of the top line
of your error message was never \def'ed. If you have
misspelled it (e.g., `\hobx'), type `I' and the correct
spelling (e.g., `I\hbox'). Otherwise just continue,
and I'll forget about whatever was undefined.

! Undefined control sequence.
l.12     {\Huge \bfseries \ntitle
                                  \par}
The control sequence at the end of the top line
of your error message was never \def'ed. If you have
misspelled it (e.g., `\hobx'), type `I' and the correct
spelling (e.g., `I\hbox'). Otherwise just continue,
and I'll forget about whatever was undefined.

! Undefined control sequence.
l.14     {\Large
                \ndate \par}
The control sequence at the end of the top line
of your error message was never \def'ed. If you have
misspelled it (e.g., `\hobx'), type `I' and the correct
spelling (e.g., `I\hbox'). Otherwise just continue,
and I'll forget about whatever was undefined.

! Undefined control sequence.
l.14     {\Large\ndate
                       \par}
The control sequence at the end of the top line
of your error message was never \def'ed. If you have
misspelled it (e.g., `\hobx'), type `I' and the correct
spelling (e.g., `I\hbox'). Otherwise just continue,
and I'll forget about whatever was undefined.

! Undefined control sequence.
l.17     {\large
                 \emph{Written by } \par}
The control sequence at the end of the top line
of your error message was never \def'ed. If you have
misspelled it (e.g., `\hobx'), type `I' and the correct
spelling (e.g., `I\hbox'). Otherwise just continue,
and I'll forget about whatever was undefined.


Overfull \hbox (33.37pt too wide) in paragraph at lines 17--17
 []\TU/lmr/m/it/10 Written 
 []


Overfull \hbox (9.46pt too wide) in paragraph at lines 17--17
 \TU/lmr/m/it/10 by 
 []

! Undefined control sequence.
l.19     {\Large
                 \scshape Joshua Snyder}
The control sequence at the end of the top line
of your error message was never \def'ed. If you have
misspelled it (e.g., `\hobx'), type `I' and the correct
spelling (e.g., `I\hbox'). Otherwise just continue,
and I'll forget about whatever was undefined.


Overfull \hbox (35.0pt too wide) in paragraph at lines 19--20
 []\TU/lmr/m/sc/10 Joshua 
 []


Overfull \hbox (22.15pt too wide) in paragraph at lines 19--20
 \TU/lmr/m/sc/10 Sny- 
 []


Overfull \hbox (17.84pt too wide) in paragraph at lines 19--20
 \TU/lmr/m/sc/10 der 
 []


! LaTeX Error: \begin{document} ended by \end{titlepage}.

See the LaTeX manual or LaTeX Companion for explanation.
Type  H <return>  for immediate help.
 ...                                              
                                                  
l.21 \end{titlepage}
                    
Your command was ignored.
Type  I <command> <return>  to replace it with another command,
or  <return>  to continue without it.

)
! Emergency stop.
<*> titlepage.tex
                 
*** (job aborted, no legal \end found)

 
Here is how much of TeX's memory you used:
 15 strings out of 492916
 330 string characters out of 6133344
 64431 words of memory out of 5000000
 4164 multiletter control sequences out of 15000+600000
 3664 words of font info for 17 fonts, out of 8000000 for 9000
 1348 hyphenation exceptions out of 8191
 14i,1n,8p,74b,124s stack positions out of 5000i,500n,10000p,200000b,80000s
No pages of output.
